<?xml version="1.0" encoding="UTF-8"?>
<testsuite xmlns:xsi="http://www.w3.org/2001/XMLSchema-instance" xsi:noNamespaceSchemaLocation="https://maven.apache.org/surefire/maven-surefire-plugin/xsd/surefire-test-report.xsd" name="ThreeCardTest" time="0.019" tests="41" errors="0" skipped="0" failures="0">
  <properties>
[...]
</properties>
  <testcase name="testEvalPPWinningsStraight" classname="ThreeCardTest" time="0"/>
  <testcase name="testCompareHandsStraightFlushHighHand" classname="ThreeCardTest" time="0"/>
  <testcase name="testCompareHandsPairEqualHigherHand" classname="ThreeCardTest" time="0"/>
  <testcase name="testEvalHandStraightEdge" classname="ThreeCardTest" time="0"/>
  <testcase name="testCompareHandsStraight_StraightFlush" classname="ThreeCardTest" time="0"/>
  <testcase name="testCompareHandsThreeStraightFlush" classname="ThreeCardTest" time="0"/>
  <testcase name="testEvalPPWinningsStraightFlush" classname="ThreeCardTest" time="0"/>
  <testcase name="testCompareHandsPairEqualSameHand" classname="ThreeCardTest" time="0"/>
  <testcase name="testCompareHandsStraightHighHand" classname="ThreeCardTest" time="0"/>
  <testcase name="testCompareHandsStraightEqualLowerHand" classname="ThreeCardTest" time="0"/>
  <testcase name="testCompareHandsStraightEqualSameHand" classname="ThreeCardTest" time="0"/>
  <testcase name="testEvalHandStraightFlushEdge" classname="ThreeCardTest" time="0"/>
  <testcase name="testCompareHandsPairEqualLowerHand" classname="ThreeCardTest" time="0"/>
  <testcase name="testCompareHandsStraightFlushEqualSameHand" classname="ThreeCardTest" time="0"/>
  <testcase name="testCompareHandsStraightFlushEqualLowerHand" classname="ThreeCardTest" time="0.002"/>
  <testcase name="testCompareHandsPairStraightFlush" classname="ThreeCardTest" time="0"/>
  <testcase name="testEvalHandThreeOfKind" classname="ThreeCardTest" time="0.001"/>
  <testcase name="testHighHandSameHand" classname="ThreeCardTest" time="0.001"/>
  <testcase name="testCompareHandsFlushEqualHigherHand" classname="ThreeCardTest" time="0"/>
  <testcase name="testLowerHandCard" classname="ThreeCardTest" time="0.001"/>
  <testcase name="testEvalHandFlush" classname="ThreeCardTest" time="0.001"/>
  <testcase name="testEvalHandPairs" classname="ThreeCardTest" time="0"/>
  <testcase name="testCompareHandsStraightFlushEqualHigherHand" classname="ThreeCardTest" time="0.001"/>
  <testcase name="testCompareHandsPairHighHand" classname="ThreeCardTest" time="0"/>
  <testcase name="testCompareHandsThreeEqualHigherHand" classname="ThreeCardTest" time="0"/>
  <testcase name="testCompareHandsFlushEqualSameHand" classname="ThreeCardTest" time="0"/>
  <testcase name="testCompareHandsFlushHighHand" classname="ThreeCardTest" time="0"/>
  <testcase name="testCompareHandsStraightEqualHigherHand" classname="ThreeCardTest" time="0"/>
  <testcase name="testEvalHandStraightFlush" classname="ThreeCardTest" time="0.001"/>
  <testcase name="testCompareHandsThreeHighHand" classname="ThreeCardTest" time="0"/>
  <testcase name="testEvalPPWinningsThreeOfKind" classname="ThreeCardTest" time="0"/>
  <testcase name="testEvalHandStraight" classname="ThreeCardTest" time="0.001"/>
  <testcase name="testCompareHandsThreeEqualLowerHand" classname="ThreeCardTest" time="0"/>
  <testcase name="testCompareHandsFlushStraightFlush" classname="ThreeCardTest" time="0.001"/>
  <testcase name="testCompareHandsThreeEqualSameHand" classname="ThreeCardTest" time="0"/>
  <testcase name="testEvalPPWinningsFlush" classname="ThreeCardTest" time="0"/>
  <testcase name="testEvalPPWinningsPairs" classname="ThreeCardTest" time="0.001"/>
  <testcase name="testHighHandLowerCard" classname="ThreeCardTest" time="0"/>
  <testcase name="testEvalHandHighCard" classname="ThreeCardTest" time="0.001"/>
  <testcase name="testHighHandQueenException" classname="ThreeCardTest" time="0"/>
  <testcase name="testCompareHandsFlushEqualLowerHand" classname="ThreeCardTest" time="0"/>
</testsuite>